app/build/outputs/logs/manifest-merger-debug-report.txt
-- Merging decision tree log ---
manifest
ADDED from AndroidManifest.xml:2:1
	xmlns:android
		ADDED from AndroidManifest.xml:2:11
	package
		ADDED from AndroidManifest.xml:3:5
		INJECTED from AndroidManifest.xml:0:0
		INJECTED from AndroidManifest.xml:0:0
	android:versionName
		ADDED from AndroidManifest.xml:5:5
	android:versionCode
		ADDED from AndroidManifest.xml:4:5
		INJECTED from AndroidManifest.xml:0:0
		INJECTED from AndroidManifest.xml:0:0
uses-sdk
ADDED from AndroidManifest.xml:7:5
MERGED from com.android.support:support-v4:20.0.0:16:5
	android:targetSdkVersion
		ADDED from AndroidManifest.xml:9:9
		INJECTED from AndroidManifest.xml:0:0
		INJECTED from AndroidManifest.xml:0:0
	android:minSdkVersion
		ADDED from AndroidManifest.xml:8:9
		INJECTED from AndroidManifest.xml:0:0
		INJECTED from AndroidManifest.xml:0:0
uses-permission#android.permission.VIBRATE
ADDED from AndroidManifest.xml:11:5
	android:name
		ADDED from AndroidManifest.xml:11:22
uses-permission#android.permission.INTERNET
ADDED from AndroidManifest.xml:12:5
	android:name
		ADDED from AndroidManifest.xml:12:22
uses-permission#android.permission.RECORD_AUDIO
ADDED from AndroidManifest.xml:13:5
	android:name
		ADDED from AndroidManifest.xml:13:22
uses-permission#android.permission.CAMERA
ADDED from AndroidManifest.xml:14:5
	android:name
		ADDED from AndroidManifest.xml:14:22
uses-permission#android.permission.ACCESS_NETWORK_STATE
ADDED from AndroidManifest.xml:15:5
	android:name
		ADDED from AndroidManifest.xml:15:22
uses-permission#android.permission.WRITE_EXTERNAL_STORAGE
ADDED from AndroidManifest.xml:16:5
	android:name
		ADDED from AndroidManifest.xml:16:22
uses-permission#android.permission.MOUNT_UNMOUNT_FILESYSTEMS
ADDED from AndroidManifest.xml:17:5
	android:name
		ADDED from AndroidManifest.xml:17:22
uses-permission#android.permission.ACCESS_FINE_LOCATION
ADDED from AndroidManifest.xml:18:5
	android:name
		ADDED from AndroidManifest.xml:18:22
uses-permission#android.permission.GET_TASKS
ADDED from AndroidManifest.xml:19:5
	android:name
		ADDED from AndroidManifest.xml:19:22
uses-permission#android.permission.ACCESS_WIFI_STATE
ADDED from AndroidManifest.xml:20:5
	android:name
		ADDED from AndroidManifest.xml:20:22
uses-permission#android.permission.CHANGE_WIFI_STATE
ADDED from AndroidManifest.xml:21:5
	android:name
		ADDED from AndroidManifest.xml:21:22
uses-permission#android.permission.WAKE_LOCK
ADDED from AndroidManifest.xml:22:5
	android:name
		ADDED from AndroidManifest.xml:22:22
uses-permission#android.permission.MODIFY_AUDIO_SETTINGS
ADDED from AndroidManifest.xml:23:5
	android:name
		ADDED from AndroidManifest.xml:23:22
uses-permission#android.permission.READ_PHONE_STATE
ADDED from AndroidManifest.xml:24:5
	android:name
		ADDED from AndroidManifest.xml:24:22
uses-permission#android.permission.RECEIVE_BOOT_COMPLETED
ADDED from AndroidManifest.xml:25:5
	android:name
		ADDED from AndroidManifest.xml:25:22
uses-permission#android.permission.GET_ACCOUNTS
ADDED from AndroidManifest.xml:26:5
	android:name
		ADDED from AndroidManifest.xml:26:22
uses-permission#android.permission.USE_CREDENTIALS
ADDED from AndroidManifest.xml:27:5
	android:name
		ADDED from AndroidManifest.xml:27:22
uses-permission#android.permission.MANAGE_ACCOUNTS
ADDED from AndroidManifest.xml:28:5
	android:name
		ADDED from AndroidManifest.xml:28:22
uses-permission#android.permission.AUTHENTICATE_ACCOUNTS
ADDED from AndroidManifest.xml:29:5
	android:name
		ADDED from AndroidManifest.xml:29:22
uses-permission#com.android.launcher.permission.READ_SETTINGS
ADDED from AndroidManifest.xml:30:5
	android:name
		ADDED from AndroidManifest.xml:30:22
uses-permission#android.permission.BROADCAST_STICKY
ADDED from AndroidManifest.xml:31:5
	android:name
		ADDED from AndroidManifest.xml:31:22
uses-permission#android.permission.WRITE_SETTINGS
ADDED from AndroidManifest.xml:32:5
	android:name
		ADDED from AndroidManifest.xml:32:22
uses-permission#com.google.android.c2dm.permission.RECEIVE
ADDED from AndroidManifest.xml:34:5
	android:name
		ADDED from AndroidManifest.xml:34:22
permission#com.easemob.chatuidemo.permission.C2D_MESSAGE
ADDED from AndroidManifest.xml:36:5
	android:protectionLevel
		ADDED from AndroidManifest.xml:37:9
	android:name
		ADDED from AndroidManifest.xml:36:17
uses-permission#com.easemob.chatuidemo.permission.C2D_MESSAGE
ADDED from AndroidManifest.xml:38:5
	android:name
		ADDED from AndroidManifest.xml:38:22
application
ADDED from AndroidManifest.xml:41:5
MERGED from com.android.support:support-v4:20.0.0:17:5
	android:label
		ADDED from AndroidManifest.xml:45:9
	android:allowBackup
		ADDED from AndroidManifest.xml:43:9
	android:icon
		ADDED from AndroidManifest.xml:44:9
	android:name
		ADDED from AndroidManifest.xml:42:9
activity#com.easemob.chatuidemo.activity.MainActivity
ADDED from AndroidManifest.xml:46:9
	android:windowSoftInputMode
		ADDED from AndroidManifest.xml:51:13
	android:screenOrientation
		ADDED from AndroidManifest.xml:49:13
	android:theme
		ADDED from AndroidManifest.xml:50:13
	android:name
		ADDED from AndroidManifest.xml:47:13
	android:launchMode
		ADDED from AndroidManifest.xml:48:13
activity#com.easemob.chatuidemo.activity.SplashActivity
ADDED from AndroidManifest.xml:55:9
	android:screenOrientation
		ADDED from AndroidManifest.xml:57:13
	android:theme
		ADDED from AndroidManifest.xml:58:13
	android:name
		ADDED from AndroidManifest.xml:56:13
intent-filter#android.intent.action.MAIN+android.intent.category.LAUNCHER
ADDED from AndroidManifest.xml:59:13
action#android.intent.action.MAIN
ADDED from AndroidManifest.xml:60:17
	android:name
		ADDED from AndroidManifest.xml:60:25
category#android.intent.category.LAUNCHER
ADDED from AndroidManifest.xml:62:17
	android:name
		ADDED from AndroidManifest.xml:62:27
activity#com.easemob.chatuidemo.activity.LoginActivity
ADDED from AndroidManifest.xml:67:9
	android:windowSoftInputMode
		ADDED from AndroidManifest.xml:71:13
	android:screenOrientation
		ADDED from AndroidManifest.xml:69:13
	android:theme
		ADDED from AndroidManifest.xml:70:13
	android:name
		ADDED from AndroidManifest.xml:68:13
activity#com.easemob.chatuidemo.activity.RegisterActivity
ADDED from AndroidManifest.xml:75:9
	android:windowSoftInputMode
		ADDED from AndroidManifest.xml:79:13
	android:screenOrientation
		ADDED from AndroidManifest.xml:77:13
	android:theme
		ADDED from AndroidManifest.xml:78:13
	android:name
		ADDED from AndroidManifest.xml:76:13
activity#com.easemob.chatuidemo.activity.ChatActivity
ADDED from AndroidManifest.xml:82:9
	android:windowSoftInputMode
		ADDED from AndroidManifest.xml:87:13
	android:screenOrientation
		ADDED from AndroidManifest.xml:85:13
	android:theme
		ADDED from AndroidManifest.xml:86:13
	android:name
		ADDED from AndroidManifest.xml:83:13
	android:launchMode
		ADDED from AndroidManifest.xml:84:13
activity#com.easemob.chatuidemo.activity.AddContactActivity
ADDED from AndroidManifest.xml:90:9
	android:windowSoftInputMode
		ADDED from AndroidManifest.xml:93:13
	android:screenOrientation
		ADDED from AndroidManifest.xml:92:13
	android:theme
		ADDED from AndroidManifest.xml:94:13
	android:name
		ADDED from AndroidManifest.xml:91:13
activity#com.easemob.chatuidemo.activity.GroupDetailsActivity
ADDED from AndroidManifest.xml:97:9
	android:screenOrientation
		ADDED from AndroidManifest.xml:99:13
	android:theme
		ADDED from AndroidManifest.xml:100:13
	android:name
		ADDED from AndroidManifest.xml:98:13
activity#com.easemob.chatuidemo.activity.GroupsActivity
ADDED from AndroidManifest.xml:103:9
	android:windowSoftInputMode
		ADDED from AndroidManifest.xml:107:13
	android:screenOrientation
		ADDED from AndroidManifest.xml:105:13
	android:theme
		ADDED from AndroidManifest.xml:106:13
	android:name
		ADDED from AndroidManifest.xml:104:13
activity#com.easemob.chatuidemo.activity.ChatRoomActivity
ADDED from AndroidManifest.xml:110:9
	android:windowSoftInputMode
		ADDED from AndroidManifest.xml:114:13
	android:screenOrientation
		ADDED from AndroidManifest.xml:112:13
	android:theme
		ADDED from AndroidManifest.xml:113:13
	android:name
		ADDED from AndroidManifest.xml:111:13
activity#com.easemob.chatuidemo.activity.ChatRoomDetailsActivity
ADDED from AndroidManifest.xml:117:9
	android:screenOrientation
		ADDED from AndroidManifest.xml:119:13
	android:theme
		ADDED from AndroidManifest.xml:120:13
	android:name
		ADDED from AndroidManifest.xml:118:13
activity#com.easemob.chatuidemo.activity.NewGroupActivity
ADDED from AndroidManifest.xml:124:9
	android:windowSoftInputMode
		ADDED from AndroidManifest.xml:128:13
	android:screenOrientation
		ADDED from AndroidManifest.xml:126:13
	android:theme
		ADDED from AndroidManifest.xml:127:13
	android:name
		ADDED from AndroidManifest.xml:125:13
activity#com.easemob.chatuidemo.activity.ExitGroupDialog
ADDED from AndroidManifest.xml:131:9
	android:screenOrientation
		ADDED from AndroidManifest.xml:133:13
	android:theme
		ADDED from AndroidManifest.xml:134:13
	android:name
		ADDED from AndroidManifest.xml:132:13
activity#com.easemob.chatuidemo.activity.GroupPickContactsActivity
ADDED from AndroidManifest.xml:137:9
	android:windowSoftInputMode
		ADDED from AndroidManifest.xml:141:13
	android:screenOrientation
		ADDED from AndroidManifest.xml:139:13
	android:theme
		ADDED from AndroidManifest.xml:140:13
	android:name
		ADDED from AndroidManifest.xml:138:13
activity#com.easemob.chatuidemo.activity.BaiduMapActivity
ADDED from AndroidManifest.xml:144:9
	android:screenOrientation
		ADDED from AndroidManifest.xml:146:13
	android:theme
		ADDED from AndroidManifest.xml:147:13
	android:name
		ADDED from AndroidManifest.xml:145:13
activity#com.easemob.chatuidemo.activity.NewFriendsMsgActivity
ADDED from AndroidManifest.xml:151:9
	android:screenOrientation
		ADDED from AndroidManifest.xml:153:13
	android:theme
		ADDED from AndroidManifest.xml:154:13
	android:name
		ADDED from AndroidManifest.xml:152:13
activity#com.easemob.chatuidemo.activity.ForwardMessageActivity
ADDED from AndroidManifest.xml:157:9
	android:windowSoftInputMode
		ADDED from AndroidManifest.xml:161:13
	android:screenOrientation
		ADDED from AndroidManifest.xml:159:13
	android:theme
		ADDED from AndroidManifest.xml:160:13
	android:name
		ADDED from AndroidManifest.xml:158:13
activity#com.easemob.chatuidemo.activity.ContextMenu
ADDED from AndroidManifest.xml:164:9
	android:screenOrientation
		ADDED from AndroidManifest.xml:166:13
	android:theme
		ADDED from AndroidManifest.xml:167:13
	android:name
		ADDED from AndroidManifest.xml:165:13
activity#com.easemob.chatuidemo.activity.AlertDialog
ADDED from AndroidManifest.xml:170:9
	android:screenOrientation
		ADDED from AndroidManifest.xml:172:13
	android:theme
		ADDED from AndroidManifest.xml:173:13
	android:name
		ADDED from AndroidManifest.xml:171:13
activity#com.easemob.chatuidemo.activity.ShowBigImage
ADDED from AndroidManifest.xml:176:9
	android:screenOrientation
		ADDED from AndroidManifest.xml:178:13
	android:theme
		ADDED from AndroidManifest.xml:179:13
	android:name
		ADDED from AndroidManifest.xml:177:13
activity#com.easemob.chatuidemo.activity.ShowNormalFileActivity
ADDED from AndroidManifest.xml:182:9
	android:screenOrientation
		ADDED from AndroidManifest.xml:184:13
	android:theme
		ADDED from AndroidManifest.xml:185:13
	android:name
		ADDED from AndroidManifest.xml:183:13
activity#com.easemob.chatuidemo.activity.BlacklistActivity
ADDED from AndroidManifest.xml:188:9
	android:screenOrientation
		ADDED from AndroidManifest.xml:190:13
	android:theme
		ADDED from AndroidManifest.xml:191:13
	android:name
		ADDED from AndroidManifest.xml:189:13
activity#com.easemob.chatuidemo.activity.PublicGroupsActivity
ADDED from AndroidManifest.xml:195:9
	android:windowSoftInputMode
		ADDED from AndroidManifest.xml:199:13
	android:screenOrientation
		ADDED from AndroidManifest.xml:197:13
	android:theme
		ADDED from AndroidManifest.xml:198:13
	android:name
		ADDED from AndroidManifest.xml:196:13
activity#com.easemob.chatuidemo.activity.PublicChatRoomsActivity
ADDED from AndroidManifest.xml:202:9
	android:windowSoftInputMode
		ADDED from AndroidManifest.xml:206:13
	android:screenOrientation
		ADDED from AndroidManifest.xml:204:13
	android:theme
		ADDED from AndroidManifest.xml:205:13
	android:name
		ADDED from AndroidManifest.xml:203:13
activity#com.easemob.chatuidemo.activity.VoiceCallActivity
ADDED from AndroidManifest.xml:210:9
	android:screenOrientation
		ADDED from AndroidManifest.xml:212:13
	android:theme
		ADDED from AndroidManifest.xml:214:13
	android:name
		ADDED from AndroidManifest.xml:211:13
	android:launchMode
		ADDED from AndroidManifest.xml:213:13
activity#com.easemob.chatuidemo.activity.VideoCallActivity
ADDED from AndroidManifest.xml:217:9
	android:screenOrientation
		ADDED from AndroidManifest.xml:220:13
	android:configChanges
		ADDED from AndroidManifest.xml:219:13
	android:theme
		ADDED from AndroidManifest.xml:222:13
	android:name
		ADDED from AndroidManifest.xml:218:13
	android:launchMode
		ADDED from AndroidManifest.xml:221:13
activity#com.easemob.chatuidemo.activity.GroupSimpleDetailActivity
ADDED from AndroidManifest.xml:225:9
	android:screenOrientation
		ADDED from AndroidManifest.xml:227:13
	android:theme
		ADDED from AndroidManifest.xml:228:13
	android:name
		ADDED from AndroidManifest.xml:226:13
activity#com.easemob.chatuidemo.activity.GroupBlacklistActivity
ADDED from AndroidManifest.xml:231:9
	android:screenOrientation
		ADDED from AndroidManifest.xml:233:13
	android:theme
		ADDED from AndroidManifest.xml:234:13
	android:name
		ADDED from AndroidManifest.xml:232:13
activity#com.easemob.chatuidemo.activity.PublicGroupsSeachActivity
ADDED from AndroidManifest.xml:236:9
	android:screenOrientation
		ADDED from AndroidManifest.xml:238:13
	android:theme
		ADDED from AndroidManifest.xml:239:13
	android:name
		ADDED from AndroidManifest.xml:237:13
activity#com.easemob.chatuidemo.activity.EditActivity
ADDED from AndroidManifest.xml:241:9
	android:windowSoftInputMode
		ADDED from AndroidManifest.xml:245:13
	android:screenOrientation
		ADDED from AndroidManifest.xml:243:13
	android:theme
		ADDED from AndroidManifest.xml:244:13
	android:name
		ADDED from AndroidManifest.xml:242:13
activity#com.easemob.chatuidemo.activity.ShowVideoActivity
ADDED from AndroidManifest.xml:247:9
	android:windowSoftInputMode
		ADDED from AndroidManifest.xml:251:13
	android:screenOrientation
		ADDED from AndroidManifest.xml:249:13
	android:theme
		ADDED from AndroidManifest.xml:250:13
	android:name
		ADDED from AndroidManifest.xml:248:13
activity#com.easemob.chatuidemo.activity.ImageGridActivity
ADDED from AndroidManifest.xml:254:9
	android:windowSoftInputMode
		ADDED from AndroidManifest.xml:258:13
	android:screenOrientation
		ADDED from AndroidManifest.xml:256:13
	android:theme
		ADDED from AndroidManifest.xml:257:13
	android:name
		ADDED from AndroidManifest.xml:255:13
activity#com.easemob.chatuidemo.activity.RecorderVideoActivity
ADDED from AndroidManifest.xml:260:9
	android:windowSoftInputMode
		ADDED from AndroidManifest.xml:264:13
	android:screenOrientation
		ADDED from AndroidManifest.xml:262:13
	android:theme
		ADDED from AndroidManifest.xml:263:13
	android:name
		ADDED from AndroidManifest.xml:261:13
activity#com.easemob.chatuidemo.activity.DiagnoseActivity
ADDED from AndroidManifest.xml:267:9
	android:windowSoftInputMode
		ADDED from AndroidManifest.xml:271:13
	android:screenOrientation
		ADDED from AndroidManifest.xml:269:13
	android:theme
		ADDED from AndroidManifest.xml:270:13
	android:name
		ADDED from AndroidManifest.xml:268:13
activity#com.easemob.chatuidemo.activity.OfflinePushNickActivity
ADDED from AndroidManifest.xml:275:9
	android:windowSoftInputMode
		ADDED from AndroidManifest.xml:279:13
	android:screenOrientation
		ADDED from AndroidManifest.xml:277:13
	android:theme
		ADDED from AndroidManifest.xml:278:13
	android:name
		ADDED from AndroidManifest.xml:276:13
activity#com.easemob.chatuidemo.activity.RobotsActivity
ADDED from AndroidManifest.xml:282:9
	android:windowSoftInputMode
		ADDED from AndroidManifest.xml:286:13
	android:screenOrientation
		ADDED from AndroidManifest.xml:284:13
	android:theme
		ADDED from AndroidManifest.xml:285:13
	android:name
		ADDED from AndroidManifest.xml:283:13
activity#com.easemob.chatuidemo.activity.UserProfileActivity
ADDED from AndroidManifest.xml:289:3
	android:screenOrientation
		ADDED from AndroidManifest.xml:291:7
	android:theme
		ADDED from AndroidManifest.xml:292:7
	android:name
		ADDED from AndroidManifest.xml:290:7
receiver#com.easemob.chat.StartServiceReceiver
ADDED from AndroidManifest.xml:296:9
	android:name
		ADDED from AndroidManifest.xml:296:19
intent-filter#android.intent.action.BOOT_COMPLETED+android.intent.action.QUICKBOOT_POWERON+android.intent.category.LAUNCHER
ADDED from AndroidManifest.xml:297:13
	android:priority
		ADDED from AndroidManifest.xml:297:28
action#android.intent.action.BOOT_COMPLETED
ADDED from AndroidManifest.xml:298:17
	android:name
		ADDED from AndroidManifest.xml:298:25
action#android.intent.action.QUICKBOOT_POWERON
ADDED from AndroidManifest.xml:299:17
	android:name
		ADDED from AndroidManifest.xml:299:25
receiver#com.easemob.chat.EMGCMBroadcastReceiver
ADDED from AndroidManifest.xml:306:9
	android:exported
		ADDED from AndroidManifest.xml:308:13
	android:permission
		ADDED from AndroidManifest.xml:309:13
	android:name
		ADDED from AndroidManifest.xml:307:13
intent-filter#com.easemob.chatuidemo+com.google.android.c2dm.intent.RECEIVE
ADDED from AndroidManifest.xml:310:13
action#com.google.android.c2dm.intent.RECEIVE
ADDED from AndroidManifest.xml:311:17
	android:name
		ADDED from AndroidManifest.xml:311:25
category#com.easemob.chatuidemo
ADDED from AndroidManifest.xml:312:17
	android:name
		ADDED from AndroidManifest.xml:312:27
service#com.easemob.chat.EMGCMListenerService
ADDED from AndroidManifest.xml:316:9
	android:exported
		ADDED from AndroidManifest.xml:317:13
	android:name
		ADDED from AndroidManifest.xml:316:18
receiver#com.easemob.chatuidemo.receiver.GCMPushBroadCast
ADDED from AndroidManifest.xml:320:9
	android:exported
		ADDED from AndroidManifest.xml:322:13
	android:name
		ADDED from AndroidManifest.xml:321:13
intent-filter#com.easemob.chatuidemo+com.easemob.sdk.push
ADDED from AndroidManifest.xml:323:13
action#com.easemob.sdk.push
ADDED from AndroidManifest.xml:324:17
	android:name
		ADDED from AndroidManifest.xml:324:25
meta-data#EASEMOB_APPKEY
ADDED from AndroidManifest.xml:334:9
	android:name
		ADDED from AndroidManifest.xml:335:13
	android:value
		ADDED from AndroidManifest.xml:336:13
service#com.easemob.chat.EMChatService
ADDED from AndroidManifest.xml:339:9
	android:name
		ADDED from AndroidManifest.xml:339:18
receiver#com.easemob.chat.EMMonitorReceiver
ADDED from AndroidManifest.xml:341:9
	android:name
		ADDED from AndroidManifest.xml:341:19
intent-filter#android.intent.action.PACKAGE_REMOVED
ADDED from AndroidManifest.xml:342:13
action#android.intent.action.PACKAGE_REMOVED
ADDED from AndroidManifest.xml:343:17
	android:name
		ADDED from AndroidManifest.xml:343:25
data
ADDED from AndroidManifest.xml:344:17
	android:scheme
		ADDED from AndroidManifest.xml:344:23
intent-filter#android.intent.action.BOOT_COMPLETED+android.intent.action.USER_PRESENT
ADDED from AndroidManifest.xml:346:13
action#android.intent.action.USER_PRESENT
ADDED from AndroidManifest.xml:348:17
	android:name
		ADDED from AndroidManifest.xml:348:25
service#com.baidu.location.f
ADDED from AndroidManifest.xml:353:9
	android:process
		ADDED from AndroidManifest.xml:356:13
	android:enabled
		ADDED from AndroidManifest.xml:355:13
	android:name
		ADDED from AndroidManifest.xml:354:13
meta-data#UMENG_APPKEY
ADDED from AndroidManifest.xml:358:9
	android:name
		ADDED from AndroidManifest.xml:359:13
	android:value
		ADDED from AndroidManifest.xml:360:13
meta-data#com.baidu.lbsapi.API_KEY
ADDED from AndroidManifest.xml:362:9
	android:name
		ADDED from AndroidManifest.xml:363:13
	android:value
		ADDED from AndroidManifest.xml:364:13